<?xml version="1.0" encoding="UTF-8"?>
<testng-results ignored="0" total="1" passed="1" failed="0" skipped="0">
  <reporter-output>
  </reporter-output>
  <suite started-at="2021-11-18T15:04:51 COT" name="Surefire suite" finished-at="2021-11-18T15:05:07 COT" duration-ms="15411">
    <groups>
    </groups>
    <test started-at="2021-11-18T15:04:51 COT" name="Surefire test" finished-at="2021-11-18T15:05:07 COT" duration-ms="15411">
      <class name="com.landsoftwingo.automation.CasoPositivo">
        <test-method signature="buscarPaquete()[pri:0, instance:com.landsoftwingo.automation.CasoPositivo@1068e947]" started-at="2021-11-18T15:04:51 COT" name="buscarPaquete" finished-at="2021-11-18T15:05:07 COT" duration-ms="15388" status="PASS">
          <reporter-output>
          </reporter-output>
        </test-method> <!-- buscarPaquete -->
      </class> <!-- com.landsoftwingo.automation.CasoPositivo -->
    </test> <!-- Surefire test -->
  </suite> <!-- Surefire suite -->
</testng-results>
